<?xml version="1.0" encoding="utf-16"?><metadata><checkstatus serialnumber="">lala</checkstatus></metadata>
<?xml version="1.0" encoding="utf-16"?><metadata><requestlanguages>lala</requestlanguages></metadata>
<?xml version="1.0" encoding="utf-16"?><metadata><requestmetadata>lala</requestmetadata><category>Accessibility</category></metadata>
<?xml version="1.0" encoding="utf-16"?><metadata><requestmetadata>lala</requestmetadata><category>Contributor Roles</category></metadata>
<?xml version="1.0" encoding="utf-16"?><metadata><requestmetadata>lala</requestmetadata><category>Educational Codes</category></metadata>
<?xml version="1.0" encoding="utf-16"?><metadata><requestmetadata>lala</requestmetadata><category>Recording Types</category></metadata>
<?xml version="1.0" encoding="utf-16"?><metadata><requestmetadata>lala</requestmetadata><category>Subject Areas</category></metadata>
<?xml version="1.0" encoding="utf-16"?><metadata><checkstatus serialnumber="">lala</checkstatus></metadata>
<?xml version="1.0" encoding="utf-16"?><metadata><newarchivedrecording>lala</newarchivedrecording></metadata>
<?xml version="1.0" encoding="utf-16"?><metadata><sendfile>lala</sendfile><clientid /><filetype>Postprocess</filetype><dumplocation>C:\tmp\P2G\ingestor\images\background.jpg</dumplocation><filesize>21268</filesize></metadata>
<?xml version="1.0" encoding="utf-16"?><metadata><sendfile>lala</sendfile><clientid /><filetype>Postprocess</filetype><dumplocation>C:\tmp\P2G\ingestor\images\EmptySlide.gif</dumplocation><filesize>1156</filesize></metadata>
<?xml version="1.0" encoding="utf-16"?><metadata><sendfile>lala</sendfile><clientid /><filetype>Postprocess</filetype><dumplocation>C:\tmp\P2G\ingestor\images\LoadingData.gif</dumplocation><filesize>4178</filesize></metadata>
<?xml version="1.0" encoding="utf-16"?><metadata><sendfile>lala</sendfile><clientid /><filetype>Postprocess</filetype><dumplocation>C:\tmp\P2G\ingestor\images\MetaDataSlide.jpg</dumplocation><filesize>41069</filesize></metadata>
<?xml version="1.0" encoding="utf-16"?><metadata><sendfile>lala</sendfile><clientid /><filetype>Postprocess</filetype><dumplocation>C:\tmp\P2G\ingestor\images\ProductLogoSmall.gif</dumplocation><filesize>2560</filesize></metadata>
<?xml version="1.0" encoding="utf-16"?><metadata><sendfile>lala</sendfile><clientid /><filetype>Postprocess</filetype><dumplocation>C:\tmp\P2G\ingestor\images\SplashScreen.gif</dumplocation><filesize>5461</filesize></metadata>
<?xml version="1.0" encoding="utf-16"?><metadata><sendfile>lala</sendfile><clientid /><filetype>Postprocess</filetype><dumplocation>C:\tmp\P2G\ingestor\images\Navigation\BackgroundMenu.gif</dumplocation><filesize>839</filesize></metadata>
<?xml version="1.0" encoding="utf-16"?><metadata><sendfile>lala</sendfile><clientid /><filetype>Postprocess</filetype><dumplocation>C:\tmp\P2G\ingestor\images\Navigation\BackgroundMenu_Original.gif</dumplocation><filesize>153</filesize></metadata>
<?xml version="1.0" encoding="utf-16"?><metadata><sendfile>lala</sendfile><clientid /><filetype>Postprocess</filetype><dumplocation>C:\tmp\P2G\ingestor\images\Navigation\BulletGlobal.gif</dumplocation><filesize>817</filesize></metadata>
<?xml version="1.0" encoding="utf-16"?><metadata><sendfile>lala</sendfile><clientid /><filetype>Postprocess</filetype><dumplocation>C:\tmp\P2G\ingestor\images\Navigation\Close.gif</dumplocation><filesize>920</filesize></metadata>
<?xml version="1.0" encoding="utf-16"?><metadata><sendfile>lala</sendfile><clientid /><filetype>Postprocess</filetype><dumplocation>C:\tmp\P2G\ingestor\images\Navigation\FullScreenVideo.gif</dumplocation><filesize>1006</filesize></metadata>
<?xml version="1.0" encoding="utf-16"?><metadata><sendfile>lala</sendfile><clientid /><filetype>Postprocess</filetype><dumplocation>C:\tmp\P2G\ingestor\images\Navigation\Hide.gif</dumplocation><filesize>937</filesize></metadata>
<?xml version="1.0" encoding="utf-16"?><metadata><sendfile>lala</sendfile><clientid /><filetype>Postprocess</filetype><dumplocation>C:\tmp\P2G\ingestor\images\Navigation\MenuLess.gif</dumplocation><filesize>893</filesize></metadata>
<?xml version="1.0" encoding="utf-16"?><metadata><sendfile>lala</sendfile><clientid /><filetype>Postprocess</filetype><dumplocation>C:\tmp\P2G\ingestor\images\Navigation\MenuMore.gif</dumplocation><filesize>893</filesize></metadata>
<?xml version="1.0" encoding="utf-16"?><metadata><sendfile>lala</sendfile><clientid /><filetype>Postprocess</filetype><dumplocation>C:\tmp\P2G\ingestor\images\Navigation\MenuSelection.gif</dumplocation><filesize>146</filesize></metadata>
<?xml version="1.0" encoding="utf-16"?><metadata><sendfile>lala</sendfile><clientid /><filetype>Postprocess</filetype><dumplocation>C:\tmp\P2G\ingestor\images\Navigation\NavigateLeft.gif</dumplocation><filesize>1094</filesize></metadata>
<?xml version="1.0" encoding="utf-16"?><metadata><sendfile>lala</sendfile><clientid /><filetype>Postprocess</filetype><dumplocation>C:\tmp\P2G\ingestor\images\Navigation\NavigateRight.gif</dumplocation><filesize>1094</filesize></metadata>
<?xml version="1.0" encoding="utf-16"?><metadata><sendfile>lala</sendfile><clientid /><filetype>Postprocess</filetype><dumplocation>C:\tmp\P2G\ingestor\images\Navigation\Seperator.gif</dumplocation><filesize>146</filesize></metadata>
<?xml version="1.0" encoding="utf-16"?><metadata><sendfile>lala</sendfile><clientid /><filetype>Postprocess</filetype><dumplocation>C:\tmp\P2G\ingestor\images\Navigation\Show.gif</dumplocation><filesize>942</filesize></metadata>
<?xml version="1.0" encoding="utf-16"?><metadata><sendfile>lala</sendfile><clientid /><filetype>Postprocess</filetype><dumplocation>C:\tmp\P2G\ingestor\images\Navigation\ShowMetadata.gif</dumplocation><filesize>1255</filesize></metadata>
<?xml version="1.0" encoding="utf-16"?><metadata><sendfile>lala</sendfile><clientid /><filetype>Postprocess</filetype><dumplocation>C:\tmp\P2G\ingestor\images\Navigation\TV.png</dumplocation><filesize>1373</filesize></metadata>
<?xml version="1.0" encoding="utf-16"?><metadata><sendfile>lala</sendfile><clientid /><filetype>Postprocess</filetype><dumplocation>C:\tmp\P2G\ingestor\images\Navigation\TvNormalFormat.gif</dumplocation><filesize>1246</filesize></metadata>
<?xml version="1.0" encoding="utf-16"?><metadata><sendfile>lala</sendfile><clientid /><filetype>Postprocess</filetype><dumplocation>C:\tmp\P2G\ingestor\images\Navigation\TvWidescreenFormat.gif</dumplocation><filesize>1540</filesize></metadata>
<?xml version="1.0" encoding="utf-16"?><metadata><sendfile>lala</sendfile><clientid /><filetype>Postprocess</filetype><dumplocation>C:\tmp\P2G\ingestor\images\Slider\Background.gif</dumplocation><filesize>1343</filesize></metadata>
<?xml version="1.0" encoding="utf-16"?><metadata><sendfile>lala</sendfile><clientid /><filetype>Postprocess</filetype><dumplocation>C:\tmp\P2G\ingestor\images\Slider\Slider.gif</dumplocation><filesize>838</filesize></metadata>
<?xml version="1.0" encoding="utf-16"?><metadata><sendfile>lala</sendfile><clientid /><filetype>Postprocess</filetype><dumplocation>C:\tmp\P2G\ingestor\images\slides\slide_0000000000_4400.jpg</dumplocation><filesize>650215</filesize></metadata>
<?xml version="1.0" encoding="utf-16"?><metadata><sendfile>lala</sendfile><clientid /><filetype>Postprocess</filetype><dumplocation>C:\tmp\P2G\ingestor\images\slides\slide_0000000000_9600.jpg</dumplocation><filesize>651242</filesize></metadata>
<?xml version="1.0" encoding="utf-16"?><metadata><sendfile>lala</sendfile><clientid /><filetype>Postprocess</filetype><dumplocation>C:\tmp\P2G\ingestor\images\slides\slide_0000000002_2400.jpg</dumplocation><filesize>681380</filesize></metadata>
<?xml version="1.0" encoding="utf-16"?><metadata><sendfile>lala</sendfile><clientid /><filetype>Postprocess</filetype><dumplocation>C:\tmp\P2G\ingestor\images\slides\slide_0000000006_5200.jpg</dumplocation><filesize>444649</filesize></metadata>
<?xml version="1.0" encoding="utf-16"?><metadata><sendfile>lala</sendfile><clientid /><filetype>Postprocess</filetype><dumplocation>C:\tmp\P2G\ingestor\images\slides\slide_0000000007_1600.jpg</dumplocation><filesize>438736</filesize></metadata>
<?xml version="1.0" encoding="utf-16"?><metadata><sendfile>lala</sendfile><clientid /><filetype>Postprocess</filetype><dumplocation>C:\tmp\P2G\ingestor\images\slides\slide_0000000008_2400.jpg</dumplocation><filesize>1527549</filesize></metadata>
<?xml version="1.0" encoding="utf-16"?><metadata><sendfile>lala</sendfile><clientid /><filetype>Postprocess</filetype><dumplocation>C:\tmp\P2G\ingestor\images\slides\slide_0000000010_7600.jpg</dumplocation><filesize>1479580</filesize></metadata>
<?xml version="1.0" encoding="utf-16"?><metadata><sendfile>lala</sendfile><clientid /><filetype>Postprocess</filetype><dumplocation>C:\tmp\P2G\ingestor\images\slides\slide_0000000013_1600.jpg</dumplocation><filesize>396288</filesize></metadata>
<?xml version="1.0" encoding="utf-16"?><metadata><sendfile>lala</sendfile><clientid /><filetype>Postprocess</filetype><dumplocation>C:\tmp\P2G\ingestor\images\slides\slide_0000000014_0400.jpg</dumplocation><filesize>490646</filesize></metadata>
<?xml version="1.0" encoding="utf-16"?><metadata><sendfile>lala</sendfile><clientid /><filetype>Postprocess</filetype><dumplocation>C:\tmp\P2G\ingestor\images\slides\slide_0000000015_2400.jpg</dumplocation><filesize>613013</filesize></metadata>
<?xml version="1.0" encoding="utf-16"?><metadata><sendfile>lala</sendfile><clientid /><filetype>Postprocess</filetype><dumplocation>C:\tmp\P2G\ingestor\images\slides\slide_0000000016_5600.jpg</dumplocation><filesize>644847</filesize></metadata>
<?xml version="1.0" encoding="utf-16"?><metadata><sendfile>lala</sendfile><clientid /><filetype>Postprocess</filetype><dumplocation>C:\tmp\P2G\ingestor\images\slides\slide_0000000017_1600.jpg</dumplocation><filesize>601365</filesize></metadata>
<?xml version="1.0" encoding="utf-16"?><metadata><sendfile>lala</sendfile><clientid /><filetype>Postprocess</filetype><dumplocation>C:\tmp\P2G\ingestor\images\slides\slide_0000000018_0400.jpg</dumplocation><filesize>727834</filesize></metadata>
<?xml version="1.0" encoding="utf-16"?><metadata><sendfile>lala</sendfile><clientid /><filetype>Postprocess</filetype><dumplocation>C:\tmp\P2G\ingestor\images\slides\slide_0000000019_5600.jpg</dumplocation><filesize>636150</filesize></metadata>
<?xml version="1.0" encoding="utf-16"?><metadata><sendfile>lala</sendfile><clientid /><filetype>Postprocess</filetype><dumplocation>C:\tmp\P2G\ingestor\images\slides\thumbs\slide_0000000000_4400_thumb.jpg</dumplocation><filesize>4634</filesize></metadata>
<?xml version="1.0" encoding="utf-16"?><metadata><sendfile>lala</sendfile><clientid /><filetype>Postprocess</filetype><dumplocation>C:\tmp\P2G\ingestor\images\slides\thumbs\slide_0000000000_9600_thumb.jpg</dumplocation><filesize>4643</filesize></metadata>
<?xml version="1.0" encoding="utf-16"?><metadata><sendfile>lala</sendfile><clientid /><filetype>Postprocess</filetype><dumplocation>C:\tmp\P2G\ingestor\images\slides\thumbs\slide_0000000002_2400_thumb.jpg</dumplocation><filesize>3089</filesize></metadata>
<?xml version="1.0" encoding="utf-16"?><metadata><sendfile>lala</sendfile><clientid /><filetype>Postprocess</filetype><dumplocation>C:\tmp\P2G\ingestor\images\slides\thumbs\slide_0000000006_5200_thumb.jpg</dumplocation><filesize>2657</filesize></metadata>
<?xml version="1.0" encoding="utf-16"?><metadata><sendfile>lala</sendfile><clientid /><filetype>Postprocess</filetype><dumplocation>C:\tmp\P2G\ingestor\images\slides\thumbs\slide_0000000007_1600_thumb.jpg</dumplocation><filesize>3364</filesize></metadata>
<?xml version="1.0" encoding="utf-16"?><metadata><sendfile>lala</sendfile><clientid /><filetype>Postprocess</filetype><dumplocation>C:\tmp\P2G\ingestor\images\slides\thumbs\slide_0000000008_2400_thumb.jpg</dumplocation><filesize>3497</filesize></metadata>
<?xml version="1.0" encoding="utf-16"?><metadata><sendfile>lala</sendfile><clientid /><filetype>Postprocess</filetype><dumplocation>C:\tmp\P2G\ingestor\images\slides\thumbs\slide_0000000010_7600_thumb.jpg</dumplocation><filesize>3448</filesize></metadata>
<?xml version="1.0" encoding="utf-16"?><metadata><sendfile>lala</sendfile><clientid /><filetype>Postprocess</filetype><dumplocation>C:\tmp\P2G\ingestor\images\slides\thumbs\slide_0000000013_1600_thumb.jpg</dumplocation><filesize>2565</filesize></metadata>
<?xml version="1.0" encoding="utf-16"?><metadata><sendfile>lala</sendfile><clientid /><filetype>Postprocess</filetype><dumplocation>C:\tmp\P2G\ingestor\images\slides\thumbs\slide_0000000014_0400_thumb.jpg</dumplocation><filesize>3001</filesize></metadata>
<?xml version="1.0" encoding="utf-16"?><metadata><sendfile>lala</sendfile><clientid /><filetype>Postprocess</filetype><dumplocation>C:\tmp\P2G\ingestor\images\slides\thumbs\slide_0000000015_2400_thumb.jpg</dumplocation><filesize>4004</filesize></metadata>
<?xml version="1.0" encoding="utf-16"?><metadata><sendfile>lala</sendfile><clientid /><filetype>Postprocess</filetype><dumplocation>C:\tmp\P2G\ingestor\images\slides\thumbs\slide_0000000016_5600_thumb.jpg</dumplocation><filesize>4062</filesize></metadata>
<?xml version="1.0" encoding="utf-16"?><metadata><sendfile>lala</sendfile><clientid /><filetype>Postprocess</filetype><dumplocation>C:\tmp\P2G\ingestor\images\slides\thumbs\slide_0000000017_1600_thumb.jpg</dumplocation><filesize>4024</filesize></metadata>
<?xml version="1.0" encoding="utf-16"?><metadata><sendfile>lala</sendfile><clientid /><filetype>Postprocess</filetype><dumplocation>C:\tmp\P2G\ingestor\images\slides\thumbs\slide_0000000018_0400_thumb.jpg</dumplocation><filesize>4645</filesize></metadata>
<?xml version="1.0" encoding="utf-16"?><metadata><sendfile>lala</sendfile><clientid /><filetype>Postprocess</filetype><dumplocation>C:\tmp\P2G\ingestor\images\slides\thumbs\slide_0000000019_5600_thumb.jpg</dumplocation><filesize>4548</filesize></metadata>
<?xml version="1.0" encoding="utf-16"?><metadata><sendfile>lala</sendfile><clientid /><filetype>Postprocess</filetype><dumplocation>C:\tmp\P2G\ingestor\AUTORUN.INF</dumplocation><filesize>56</filesize></metadata>
<?xml version="1.0" encoding="utf-16"?><metadata><sendfile>lala</sendfile><clientid /><filetype>Postprocess</filetype><dumplocation>C:\tmp\P2G\ingestor\IEViewer.html</dumplocation><filesize>47028</filesize></metadata>
<?xml version="1.0" encoding="utf-16"?><metadata><sendfile>lala</sendfile><clientid /><filetype>Postprocess</filetype><dumplocation>C:\tmp\P2G\ingestor\p2g.ico</dumplocation><filesize>61798</filesize></metadata>
<?xml version="1.0" encoding="utf-16"?><metadata><sendfile>lala</sendfile><clientid /><filetype>Postprocess</filetype><dumplocation>C:\tmp\P2G\ingestor\P2Ghelp.htm</dumplocation><filesize>3602</filesize></metadata>
<?xml version="1.0" encoding="utf-16"?><metadata><sendfile>lala</sendfile><clientid /><filetype>Postprocess</filetype><dumplocation>C:\tmp\P2G\ingestor\Presentations2Go.xap</dumplocation><filesize>654293</filesize></metadata>
<?xml version="1.0" encoding="utf-16"?><metadata><sendfile>lala</sendfile><clientid /><filetype>Postprocess</filetype><dumplocation>C:\tmp\P2G\ingestor\ReadMe.txt</dumplocation><filesize>43</filesize></metadata>
<?xml version="1.0" encoding="utf-16"?><metadata><sendfile>lala</sendfile><clientid /><filetype>Postprocess</filetype><dumplocation>C:\tmp\P2G\ingestor\Viewer.html</dumplocation><filesize>15908</filesize></metadata>
<?xml version="1.0" encoding="utf-16"?><metadata><sendfile>lala</sendfile><clientid /><filetype>Postprocess</filetype><dumplocation>C:\tmp\P2G\ingestor\video_post.wmv</dumplocation><filesize>234143</filesize></metadata>
<?xml version="1.0" encoding="utf-16"?><metadata><sendfile>lala</sendfile><clientid /><filetype>Postprocess</filetype><dumplocation>C:\tmp\P2G\ingestor\recordingdetails.xml</dumplocation><filesize>2102</filesize></metadata>
